0 info it worked if it ends with ok
1 verbose cli [ '/usr/bin/node', '/usr/bin/npm', 'run', 'seed-test' ]
2 info using npm@3.5.2
3 info using node@v8.10.0
4 verbose run-script [ 'preseed-test', 'seed-test', 'postseed-test' ]
5 info lifecycle project@1.0.0~preseed-test: project@1.0.0
6 silly lifecycle project@1.0.0~preseed-test: no script for preseed-test, continuing
7 info lifecycle project@1.0.0~seed-test: project@1.0.0
8 verbose lifecycle project@1.0.0~seed-test: unsafe-perm in lifecycle true
9 verbose lifecycle project@1.0.0~seed-test: PATH: /usr/share/npm/bin/node-gyp-bin:/home/tuskem/Desktop/northcoders/review/project/node_modules/.bin:/usr/local/sbin:/usr/local/bin:/usr/sbin:/usr/bin:/sbin:/bin:/usr/games:/usr/local/games:/snap/bin
10 verbose lifecycle project@1.0.0~seed-test: CWD: /home/tuskem/Desktop/northcoders/review/project
11 silly lifecycle project@1.0.0~seed-test: Args: [ '-c', 'psql -f db/setup.sql && knex seed:run' ]
12 silly lifecycle project@1.0.0~seed-test: Returned: code: 1  signal: null
13 info lifecycle project@1.0.0~seed-test: Failed to exec seed-test script
14 verbose stack Error: project@1.0.0 seed-test: `psql -f db/setup.sql && knex seed:run`
14 verbose stack Exit status 1
14 verbose stack     at EventEmitter.<anonymous> (/usr/share/npm/lib/utils/lifecycle.js:232:16)
14 verbose stack     at emitTwo (events.js:126:13)
14 verbose stack     at EventEmitter.emit (events.js:214:7)
14 verbose stack     at ChildProcess.<anonymous> (/usr/share/npm/lib/utils/spawn.js:24:14)
14 verbose stack     at emitTwo (events.js:126:13)
14 verbose stack     at ChildProcess.emit (events.js:214:7)
14 verbose stack     at maybeClose (internal/child_process.js:925:16)
14 verbose stack     at Process.ChildProcess._handle.onexit (internal/child_process.js:209:5)
15 verbose pkgid project@1.0.0
16 verbose cwd /home/tuskem/Desktop/northcoders/review/project
17 error Linux 4.15.0-47-generic
18 error argv "/usr/bin/node" "/usr/bin/npm" "run" "seed-test"
19 error node v8.10.0
20 error npm  v3.5.2
21 error code ELIFECYCLE
22 error project@1.0.0 seed-test: `psql -f db/setup.sql && knex seed:run`
22 error Exit status 1
23 error Failed at the project@1.0.0 seed-test script 'psql -f db/setup.sql && knex seed:run'.
23 error Make sure you have the latest version of node.js and npm installed.
23 error If you do, this is most likely a problem with the project package,
23 error not with npm itself.
23 error Tell the author that this fails on your system:
23 error     psql -f db/setup.sql && knex seed:run
23 error You can get information on how to open an issue for this project with:
23 error     npm bugs project
23 error Or if that isn't available, you can get their info via:
23 error     npm owner ls project
23 error There is likely additional logging output above.
24 verbose exit [ 1, true ]
